android/app/build/intermediates/manifest_merge_blame_file/debug/processDebugMainManifest/manifest-merger-blame-debug-report.txt
1<?xml version="1.0" encoding="utf-8"?>
2<manifest xmlns:android="http://schemas.android.com/apk/res/android"
3    package="com.taxidouser"
4    android:versionCode="8"
5    android:versionName="1.0" >
6
7    <uses-sdk
8        android:minSdkVersion="24"
9        android:targetSdkVersion="35" />
10
11    <uses-permission android:name="android.permission.READ_EXTERNAL_STORAGE" />
11-->src/main/AndroidManifest.xml:3:5-79
11-->src/main/AndroidManifest.xml:3:22-77
12    <uses-permission android:name="android.permission.WRITE_EXTERNAL_STORAGE" />
12-->src/main/AndroidManifest.xml:4:5-81
12-->src/main/AndroidManifest.xml:4:22-78
13    <uses-permission android:name="android.permission.INTERNET" />
13-->src/main/AndroidManifest.xml:5:5-67
13-->src/main/AndroidManifest.xml:5:22-64
14    <uses-permission android:name="android.permission.ACCESS_FINE_LOCATION" />
14-->src/main/AndroidManifest.xml:6:5-79
14-->src/main/AndroidManifest.xml:6:22-76
15    <uses-permission android:name="android.permission.ACCESS_COARSE_LOCATION" />
15-->src/main/AndroidManifest.xml:7:5-81
15-->src/main/AndroidManifest.xml:7:22-78
16    <uses-permission android:name="android.permission.ACCESS_BACKGROUND_LOCATION" />
16-->src/main/AndroidManifest.xml:8:5-85
16-->src/main/AndroidManifest.xml:8:22-82
17    <uses-permission android:name="android.permission.ACCESS_NETWORK_STATE" />
17-->src/main/AndroidManifest.xml:9:5-80
17-->src/main/AndroidManifest.xml:9:22-76
18    <uses-permission android:name="android.permission.READ_CONTACTS" />
18-->src/main/AndroidManifest.xml:10:5-72
18-->src/main/AndroidManifest.xml:10:22-69
19    <uses-permission android:name="android.permission.WRITE_CONTACTS" />
19-->src/main/AndroidManifest.xml:11:5-73
19-->src/main/AndroidManifest.xml:11:22-70
20    <uses-permission android:name="android.permission.POST_NOTIFICATIONS" />
20-->src/main/AndroidManifest.xml:12:5-77
20-->src/main/AndroidManifest.xml:12:22-74
21    <uses-permission android:name="android.permission.MANAGE_EXTERNAL_STORAGE" />
21-->src/main/AndroidManifest.xml:13:5-81
21-->src/main/AndroidManifest.xml:13:22-79
22    <uses-permission android:name="android.permission.ACCESS_MEDIA_LOCATION" />
22-->src/main/AndroidManifest.xml:14:5-79
22-->src/main/AndroidManifest.xml:14:22-77
23    <uses-permission android:name="android.permission.ACCESS_WIFI_STATE" />
23-->[:react-native-community_netinfo] AndroidManifest.xml:8:5-76
23-->[:react-native-community_netinfo] AndroidManifest.xml:8:22-73
24    <uses-permission android:name="android.permission.WAKE_LOCK" />
24-->[:react-native-firebase_messaging] AndroidManifest.xml:8:5-68
24-->[:react-native-firebase_messaging] AndroidManifest.xml:8:22-65
25    <uses-permission android:name="android.permission.RECORD_AUDIO" /> <!-- Required to access Google Play Licensing -->
25-->[:react-native-voice_voice] AndroidManifest.xml:10:5-71
25-->[:react-native-voice_voice] AndroidManifest.xml:10:22-68
26    <uses-permission android:name="com.android.vending.CHECK_LICENSE" />
26-->[:rn-fetch-blob] AndroidManifest.xml:8:5-73
26-->[:rn-fetch-blob] AndroidManifest.xml:8:22-70
27    <!--
28    This manifest file is used only by Gradle to configure debug-only capabilities
29    for React Native Apps.
30    -->
31    <uses-permission android:name="android.permission.SYSTEM_ALERT_WINDOW" /> <!-- Required by older versions of Google Play services to create IID tokens -->
31-->[com.facebook.react:react-android:0.77.2] AndroidManifest.xml:16:5-78
31-->[com.facebook.react:react-android:0.77.2] AndroidManifest.xml:16:22-75
32    <uses-permission android:name="com.google.android.c2dm.permission.RECEIVE" />
32-->[com.google.firebase:firebase-messaging:24.1.1] AndroidManifest.xml:26:5-82
32-->[com.google.firebase:firebase-messaging:24.1.1] AndroidManifest.xml:26:22-79
33    <uses-permission android:name="com.google.android.gms.permission.AD_ID" />
33-->[com.google.android.gms:play-services-measurement-api:22.4.0] AndroidManifest.xml:25:5-79
33-->[com.google.android.gms:play-services-measurement-api:22.4.0] AndroidManifest.xml:25:22-76
34    <uses-permission android:name="android.permission.ACCESS_ADSERVICES_ATTRIBUTION" />
34-->[com.google.android.gms:play-services-measurement-api:22.4.0] AndroidManifest.xml:26:5-88
34-->[com.google.android.gms:play-services-measurement-api:22.4.0] AndroidManifest.xml:26:22-85
35    <uses-permission android:name="android.permission.ACCESS_ADSERVICES_AD_ID" />
35-->[com.google.android.gms:play-services-measurement-api:22.4.0] AndroidManifest.xml:27:5-82
35-->[com.google.android.gms:play-services-measurement-api:22.4.0] AndroidManifest.xml:27:22-79
36    <uses-permission android:name="android.permission.RECEIVE_BOOT_COMPLETED" />
36-->[androidx.work:work-runtime:2.9.1] AndroidManifest.xml:25:5-81
36-->[androidx.work:work-runtime:2.9.1] AndroidManifest.xml:25:22-78
37    <uses-permission android:name="android.permission.FOREGROUND_SERVICE" />
37-->[androidx.work:work-runtime:2.9.1] AndroidManifest.xml:26:5-77
37-->[androidx.work:work-runtime:2.9.1] AndroidManifest.xml:26:22-74
38
39    <uses-feature
39-->[com.google.android.gms:play-services-maps:19.1.0] AndroidManifest.xml:22:5-24:33
40        android:glEsVersion="0x00020000"
40-->[com.google.android.gms:play-services-maps:19.1.0] AndroidManifest.xml:23:8-40
41        android:required="true" />
41-->[com.google.android.gms:play-services-maps:19.1.0] AndroidManifest.xml:24:8-31
42
43    <queries>
43-->[com.google.android.gms:play-services-maps:19.1.0] AndroidManifest.xml:27:5-30:15
44
45        <!-- Needs to be explicitly declared on Android R+ -->
46        <package android:name="com.google.android.apps.maps" />
46-->[com.google.android.gms:play-services-maps:19.1.0] AndroidManifest.xml:29:7-61
46-->[com.google.android.gms:play-services-maps:19.1.0] AndroidManifest.xml:29:16-59
47        <package android:name="com.facebook.katana" />
47-->[com.facebook.android:facebook-common:18.0.3] AndroidManifest.xml:16:9-55
47-->[com.facebook.android:facebook-common:18.0.3] AndroidManifest.xml:16:18-52
48    </queries>
49
50    <uses-permission android:name="com.google.android.finsky.permission.BIND_GET_INSTALL_REFERRER_SERVICE" />
50-->[com.google.android.gms:play-services-measurement:22.4.0] AndroidManifest.xml:26:5-110
50-->[com.google.android.gms:play-services-measurement:22.4.0] AndroidManifest.xml:26:22-107
51    <uses-permission android:name="com.google.android.providers.gsf.permission.READ_GSERVICES" />
51-->[com.google.android.recaptcha:recaptcha:18.6.1] AndroidManifest.xml:9:5-98
51-->[com.google.android.recaptcha:recaptcha:18.6.1] AndroidManifest.xml:9:22-95
52    <uses-permission android:name="android.permission.ACCESS_ADSERVICES_CUSTOM_AUDIENCE" />
52-->[com.facebook.android:facebook-core:18.0.3] AndroidManifest.xml:18:5-92
52-->[com.facebook.android:facebook-core:18.0.3] AndroidManifest.xml:18:22-89
53    <uses-permission android:name="android.permission.ACCESS_ADSERVICES_TOPICS" />
53-->[com.facebook.android:facebook-core:18.0.3] AndroidManifest.xml:19:5-83
53-->[com.facebook.android:facebook-core:18.0.3] AndroidManifest.xml:19:22-80
54
55    <permission
55-->[androidx.core:core:1.15.0] AndroidManifest.xml:22:5-24:47
56        android:name="com.taxidouser.DYNAMIC_RECEIVER_NOT_EXPORTED_PERMISSION"
56-->[androidx.core:core:1.15.0] AndroidManifest.xml:23:9-81
57        android:protectionLevel="signature" />
57-->[androidx.core:core:1.15.0] AndroidManifest.xml:24:9-44
58
59    <uses-permission android:name="com.taxidouser.DYNAMIC_RECEIVER_NOT_EXPORTED_PERMISSION" />
59-->[androidx.core:core:1.15.0] AndroidManifest.xml:26:5-97
59-->[androidx.core:core:1.15.0] AndroidManifest.xml:26:22-94
60
61    <application
61-->src/main/AndroidManifest.xml:18:5-43:19
62        android:name="com.taxidouser.MainApplication"
62-->src/main/AndroidManifest.xml:19:7-38
63        android:allowBackup="false"
63-->src/main/AndroidManifest.xml:23:7-34
64        android:appComponentFactory="androidx.core.app.CoreComponentFactory"
64-->[androidx.core:core:1.15.0] AndroidManifest.xml:28:18-86
65        android:debuggable="true"
66        android:extractNativeLibs="false"
67        android:icon="@mipmap/ic_launcher"
67-->src/main/AndroidManifest.xml:21:7-41
68        android:label="@string/app_name"
68-->src/main/AndroidManifest.xml:20:7-39
69        android:roundIcon="@mipmap/ic_launcher_round"
69-->src/main/AndroidManifest.xml:22:7-52
70        android:supportsRtl="true"
70-->src/main/AndroidManifest.xml:25:7-33
71        android:theme="@style/AppTheme"
71-->src/main/AndroidManifest.xml:24:7-38
72        android:usesCleartextTraffic="true" >
72-->src/debug/AndroidManifest.xml:6:9-44
73        <meta-data
73-->src/main/AndroidManifest.xml:26:7-28:66
74            android:name="com.google.android.geo.API_KEY"
74-->src/main/AndroidManifest.xml:27:9-54
75            android:value="AIzaSyAEFXQPcN9HxgHppVmbwnNCBX3kfuoU344" />
75-->src/main/AndroidManifest.xml:28:9-64
76
77        <activity
77-->src/main/AndroidManifest.xml:30:7-42:18
78            android:name="com.taxidouser.MainActivity"
78-->src/main/AndroidManifest.xml:31:9-37
79            android:configChanges="keyboard|keyboardHidden|orientation|screenLayout|screenSize|smallestScreenSize|uiMode"
79-->src/main/AndroidManifest.xml:33:9-118
80            android:exported="true"
80-->src/main/AndroidManifest.xml:36:9-32
81            android:label="@string/app_name"
81-->src/main/AndroidManifest.xml:32:9-41
82            android:launchMode="singleTask"
82-->src/main/AndroidManifest.xml:34:9-40
83            android:screenOrientation="portrait"
83-->src/main/AndroidManifest.xml:37:9-45
84            android:windowSoftInputMode="adjustResize" >
84-->src/main/AndroidManifest.xml:35:9-51
85            <intent-filter>
85-->src/main/AndroidManifest.xml:38:9-41:25
86                <action android:name="android.intent.action.MAIN" />
86-->src/main/AndroidManifest.xml:39:13-65
86-->src/main/AndroidManifest.xml:39:21-62
87
88                <category android:name="android.intent.category.LAUNCHER" />
88-->src/main/AndroidManifest.xml:40:13-73
88-->src/main/AndroidManifest.xml:40:23-70
89            </intent-filter>
90        </activity>
91
92        <provider
92-->[:react-native-webview] AndroidManifest.xml:8:9-16:20
93            android:name="com.reactnativecommunity.webview.RNCWebViewFileProvider"
93-->[:react-native-webview] AndroidManifest.xml:9:13-83
94            android:authorities="com.taxidouser.fileprovider"
94-->[:react-native-webview] AndroidManifest.xml:10:13-64
95            android:exported="false"
95-->[:react-native-webview] AndroidManifest.xml:11:13-37
96            android:grantUriPermissions="true" >
96-->[:react-native-webview] AndroidManifest.xml:12:13-47
97            <meta-data
97-->[:react-native-webview] AndroidManifest.xml:13:13-15:63
98                android:name="android.support.FILE_PROVIDER_PATHS"
98-->[:react-native-webview] AndroidManifest.xml:14:17-67
99                android:resource="@xml/file_provider_paths" />
99-->[:react-native-webview] AndroidManifest.xml:15:17-60
100        </provider>
101
102        <service
102-->[:react-native-firebase_messaging] AndroidManifest.xml:12:9-14:40
103            android:name="io.invertase.firebase.messaging.ReactNativeFirebaseMessagingHeadlessService"
103-->[:react-native-firebase_messaging] AndroidManifest.xml:13:13-103
104            android:exported="false" />
104-->[:react-native-firebase_messaging] AndroidManifest.xml:14:13-37
105        <service
105-->[:react-native-firebase_messaging] AndroidManifest.xml:15:9-21:19
106            android:name="io.invertase.firebase.messaging.ReactNativeFirebaseMessagingService"
106-->[:react-native-firebase_messaging] AndroidManifest.xml:16:13-95
107            android:exported="false" >
107-->[:react-native-firebase_messaging] AndroidManifest.xml:17:13-37
108            <intent-filter>
108-->[:react-native-firebase_messaging] AndroidManifest.xml:18:13-20:29
109                <action android:name="com.google.firebase.MESSAGING_EVENT" />
109-->[:react-native-firebase_messaging] AndroidManifest.xml:19:17-78
109-->[:react-native-firebase_messaging] AndroidManifest.xml:19:25-75
110            </intent-filter>
111        </service>
112
113        <receiver
113-->[:react-native-firebase_messaging] AndroidManifest.xml:23:9-30:20
114            android:name="io.invertase.firebase.messaging.ReactNativeFirebaseMessagingReceiver"
114-->[:react-native-firebase_messaging] AndroidManifest.xml:24:13-96
115            android:exported="true"
115-->[:react-native-firebase_messaging] AndroidManifest.xml:25:13-36
116            android:permission="com.google.android.c2dm.permission.SEND" >
116-->[:react-native-firebase_messaging] AndroidManifest.xml:26:13-73
117            <intent-filter>
117-->[:react-native-firebase_messaging] AndroidManifest.xml:27:13-29:29
118                <action android:name="com.google.android.c2dm.intent.RECEIVE" />
118-->[:react-native-firebase_messaging] AndroidManifest.xml:28:17-81
118-->[:react-native-firebase_messaging] AndroidManifest.xml:28:25-78
119            </intent-filter>
120        </receiver>
121
122        <meta-data
122-->[:react-native-firebase_messaging] AndroidManifest.xml:32:9-34:37
123            android:name="delivery_metrics_exported_to_big_query_enabled"
123-->[:react-native-firebase_messaging] AndroidManifest.xml:33:13-74
124            android:value="false" />
124-->[:react-native-firebase_messaging] AndroidManifest.xml:34:13-34
125        <meta-data
125-->[:react-native-firebase_messaging] AndroidManifest.xml:35:9-37:36
126            android:name="firebase_messaging_auto_init_enabled"
126-->[:react-native-firebase_messaging] AndroidManifest.xml:36:13-64
127            android:value="true" />
127-->[:react-native-firebase_messaging] AndroidManifest.xml:37:13-33
128        <meta-data
128-->[:react-native-firebase_messaging] AndroidManifest.xml:38:9-40:37
129            android:name="firebase_messaging_notification_delegation_enabled"
129-->[:react-native-firebase_messaging] AndroidManifest.xml:39:13-78
130            android:value="false" />
130-->[:react-native-firebase_messaging] AndroidManifest.xml:40:13-34
131        <meta-data
131-->[:react-native-firebase_messaging] AndroidManifest.xml:41:9-43:32
132            android:name="com.google.firebase.messaging.default_notification_channel_id"
132-->[:react-native-firebase_messaging] AndroidManifest.xml:42:13-89
133            android:value="" />
133-->[:react-native-firebase_messaging] AndroidManifest.xml:43:13-29
134        <meta-data
134-->[:react-native-firebase_messaging] AndroidManifest.xml:44:9-46:47
135            android:name="com.google.firebase.messaging.default_notification_color"
135-->[:react-native-firebase_messaging] AndroidManifest.xml:45:13-84
136            android:resource="@color/white" />
136-->[:react-native-firebase_messaging] AndroidManifest.xml:46:13-44
137        <meta-data
137-->[:react-native-firebase_app] AndroidManifest.xml:9:9-11:36
138            android:name="app_data_collection_default_enabled"
138-->[:react-native-firebase_app] AndroidManifest.xml:10:13-63
139            android:value="true" />
139-->[:react-native-firebase_app] AndroidManifest.xml:11:13-33
140
141        <service
141-->[:react-native-firebase_app] AndroidManifest.xml:13:9-21:19
142            android:name="com.google.firebase.components.ComponentDiscoveryService"
142-->[:react-native-firebase_app] AndroidManifest.xml:14:13-84
143            android:directBootAware="true"
143-->[:react-native-firebase_app] AndroidManifest.xml:15:13-43
144            android:exported="false" >
144-->[:react-native-firebase_app] AndroidManifest.xml:16:13-37
145            <meta-data
145-->[:react-native-firebase_app] AndroidManifest.xml:18:13-20:85
146                android:name="com.google.firebase.components:io.invertase.firebase.app.ReactNativeFirebaseAppRegistrar"
146-->[:react-native-firebase_app] AndroidManifest.xml:19:17-120
147                android:value="com.google.firebase.components.ComponentRegistrar" />
147-->[:react-native-firebase_app] AndroidManifest.xml:20:17-82
148            <meta-data
148-->[com.google.firebase:firebase-analytics-ktx:22.4.0] AndroidManifest.xml:11:13-13:85
149                android:name="com.google.firebase.components:com.google.firebase.analytics.ktx.FirebaseAnalyticsLegacyRegistrar"
149-->[com.google.firebase:firebase-analytics-ktx:22.4.0] AndroidManifest.xml:12:17-129
150                android:value="com.google.firebase.components.ComponentRegistrar" />
150-->[com.google.firebase:firebase-analytics-ktx:22.4.0] AndroidManifest.xml:13:17-82
151            <meta-data
151-->[com.google.firebase:firebase-auth:23.2.0] AndroidManifest.xml:69:13-71:85
152                android:name="com.google.firebase.components:com.google.firebase.auth.FirebaseAuthRegistrar"
152-->[com.google.firebase:firebase-auth:23.2.0] AndroidManifest.xml:70:17-109
153                android:value="com.google.firebase.components.ComponentRegistrar" />
153-->[com.google.firebase:firebase-auth:23.2.0] AndroidManifest.xml:71:17-82
154            <meta-data
154-->[com.google.firebase:firebase-messaging:24.1.1] AndroidManifest.xml:57:13-59:85
155                android:name="com.google.firebase.components:com.google.firebase.messaging.FirebaseMessagingKtxRegistrar"
155-->[com.google.firebase:firebase-messaging:24.1.1] AndroidManifest.xml:58:17-122
156                android:value="com.google.firebase.components.ComponentRegistrar" />
156-->[com.google.firebase:firebase-messaging:24.1.1] AndroidManifest.xml:59:17-82
157            <meta-data
157-->[com.google.firebase:firebase-messaging:24.1.1] AndroidManifest.xml:60:13-62:85
158                android:name="com.google.firebase.components:com.google.firebase.messaging.FirebaseMessagingRegistrar"
158-->[com.google.firebase:firebase-messaging:24.1.1] AndroidManifest.xml:61:17-119
159                android:value="com.google.firebase.components.ComponentRegistrar" />
159-->[com.google.firebase:firebase-messaging:24.1.1] AndroidManifest.xml:62:17-82
160            <meta-data
160-->[com.google.firebase:firebase-firestore:25.1.3] AndroidManifest.xml:17:13-19:85
161                android:name="com.google.firebase.components:com.google.firebase.firestore.FirebaseFirestoreKtxRegistrar"
161-->[com.google.firebase:firebase-firestore:25.1.3] AndroidManifest.xml:18:17-122
162                android:value="com.google.firebase.components.ComponentRegistrar" />
162-->[com.google.firebase:firebase-firestore:25.1.3] AndroidManifest.xml:19:17-82
163            <meta-data
163-->[com.google.firebase:firebase-firestore:25.1.3] AndroidManifest.xml:20:13-22:85
164                android:name="com.google.firebase.components:com.google.firebase.firestore.FirestoreRegistrar"
164-->[com.google.firebase:firebase-firestore:25.1.3] AndroidManifest.xml:21:17-111
165                android:value="com.google.firebase.components.ComponentRegistrar" />
165-->[com.google.firebase:firebase-firestore:25.1.3] AndroidManifest.xml:22:17-82
166            <meta-data
166-->[com.google.android.gms:play-services-measurement-api:22.4.0] AndroidManifest.xml:33:13-35:85
167                android:name="com.google.firebase.components:com.google.firebase.analytics.connector.internal.AnalyticsConnectorRegistrar"
167-->[com.google.android.gms:play-services-measurement-api:22.4.0] AndroidManifest.xml:34:17-139
168                android:value="com.google.firebase.components.ComponentRegistrar" />
168-->[com.google.android.gms:play-services-measurement-api:22.4.0] AndroidManifest.xml:35:17-82
169            <meta-data
169-->[com.google.firebase:firebase-installations:18.0.0] AndroidManifest.xml:15:13-17:85
170                android:name="com.google.firebase.components:com.google.firebase.installations.FirebaseInstallationsKtxRegistrar"
170-->[com.google.firebase:firebase-installations:18.0.0] AndroidManifest.xml:16:17-130
171                android:value="com.google.firebase.components.ComponentRegistrar" />
171-->[com.google.firebase:firebase-installations:18.0.0] AndroidManifest.xml:17:17-82
172            <meta-data
172-->[com.google.firebase:firebase-installations:18.0.0] AndroidManifest.xml:18:13-20:85
173                android:name="com.google.firebase.components:com.google.firebase.installations.FirebaseInstallationsRegistrar"
173-->[com.google.firebase:firebase-installations:18.0.0] AndroidManifest.xml:19:17-127
174                android:value="com.google.firebase.components.ComponentRegistrar" />
174-->[com.google.firebase:firebase-installations:18.0.0] AndroidManifest.xml:20:17-82
175            <meta-data
175-->[com.google.firebase:firebase-common-ktx:21.0.0] AndroidManifest.xml:12:13-14:85
176                android:name="com.google.firebase.components:com.google.firebase.ktx.FirebaseCommonLegacyRegistrar"
176-->[com.google.firebase:firebase-common-ktx:21.0.0] AndroidManifest.xml:13:17-116
177                android:value="com.google.firebase.components.ComponentRegistrar" />
177-->[com.google.firebase:firebase-common-ktx:21.0.0] AndroidManifest.xml:14:17-82
178            <meta-data
178-->[com.google.firebase:firebase-common:21.0.0] AndroidManifest.xml:35:13-37:85
179                android:name="com.google.firebase.components:com.google.firebase.FirebaseCommonKtxRegistrar"
179-->[com.google.firebase:firebase-common:21.0.0] AndroidManifest.xml:36:17-109
180                android:value="com.google.firebase.components.ComponentRegistrar" />
180-->[com.google.firebase:firebase-common:21.0.0] AndroidManifest.xml:37:17-82
181            <meta-data
181-->[com.google.firebase:firebase-datatransport:18.2.0] AndroidManifest.xml:25:13-27:85
182                android:name="com.google.firebase.components:com.google.firebase.datatransport.TransportRegistrar"
182-->[com.google.firebase:firebase-datatransport:18.2.0] AndroidManifest.xml:26:17-115
183                android:value="com.google.firebase.components.ComponentRegistrar" />
183-->[com.google.firebase:firebase-datatransport:18.2.0] AndroidManifest.xml:27:17-82
184        </service>
185
186        <provider
186-->[:react-native-firebase_app] AndroidManifest.xml:23:9-27:38
187            android:name="io.invertase.firebase.app.ReactNativeFirebaseAppInitProvider"
187-->[:react-native-firebase_app] AndroidManifest.xml:24:13-88
188            android:authorities="com.taxidouser.reactnativefirebaseappinitprovider"
188-->[:react-native-firebase_app] AndroidManifest.xml:25:13-86
189            android:exported="false"
189-->[:react-native-firebase_app] AndroidManifest.xml:26:13-37
190            android:initOrder="99" />
190-->[:react-native-firebase_app] AndroidManifest.xml:27:13-35
191
192        <property
192-->[:react-native-fbsdk-next] AndroidManifest.xml:44:9-47:48
193            android:name="android.adservices.AD_SERVICES_CONFIG"
193-->[:react-native-fbsdk-next] AndroidManifest.xml:45:13-65
194            android:resource="@xml/ad_services_config" />
194-->[:react-native-fbsdk-next] AndroidManifest.xml:46:13-55
195
196        <provider
196-->[:react-native-image-picker] AndroidManifest.xml:8:9-16:20
197            android:name="com.imagepicker.ImagePickerProvider"
197-->[:react-native-image-picker] AndroidManifest.xml:9:13-63
198            android:authorities="com.taxidouser.imagepickerprovider"
198-->[:react-native-image-picker] AndroidManifest.xml:10:13-71
199            android:exported="false"
199-->[:react-native-image-picker] AndroidManifest.xml:11:13-37
200            android:grantUriPermissions="true" >
200-->[:react-native-image-picker] AndroidManifest.xml:12:13-47
201            <meta-data
201-->[:react-native-webview] AndroidManifest.xml:13:13-15:63
202                android:name="android.support.FILE_PROVIDER_PATHS"
202-->[:react-native-webview] AndroidManifest.xml:14:17-67
203                android:resource="@xml/imagepicker_provider_paths" />
203-->[:react-native-webview] AndroidManifest.xml:15:17-60
204        </provider>
205        <provider
205-->[:rn-fetch-blob] AndroidManifest.xml:32:9-40:20
206            android:name="com.RNFetchBlob.Utils.FileProvider"
206-->[:rn-fetch-blob] AndroidManifest.xml:33:13-62
207            android:authorities="com.taxidouser.provider"
207-->[:rn-fetch-blob] AndroidManifest.xml:34:13-60
208            android:exported="false"
208-->[:rn-fetch-blob] AndroidManifest.xml:35:13-37
209            android:grantUriPermissions="true" >
209-->[:rn-fetch-blob] AndroidManifest.xml:36:13-47
210            <meta-data
210-->[:react-native-webview] AndroidManifest.xml:13:13-15:63
211                android:name="android.support.FILE_PROVIDER_PATHS"
211-->[:react-native-webview] AndroidManifest.xml:14:17-67
212                android:resource="@xml/provider_paths" />
212-->[:react-native-webview] AndroidManifest.xml:15:17-60
213        </provider>
214
215        <activity
215-->[com.facebook.react:react-android:0.77.2] AndroidManifest.xml:19:9-21:40
216            android:name="com.facebook.react.devsupport.DevSettingsActivity"
216-->[com.facebook.react:react-android:0.77.2] AndroidManifest.xml:20:13-77
217            android:exported="false" />
217-->[com.facebook.react:react-android:0.77.2] AndroidManifest.xml:21:13-37
218        <activity
218-->[com.google.firebase:firebase-auth:23.2.0] AndroidManifest.xml:29:9-46:20
219            android:name="com.google.firebase.auth.internal.GenericIdpActivity"
219-->[com.google.firebase:firebase-auth:23.2.0] AndroidManifest.xml:30:13-80
220            android:excludeFromRecents="true"
220-->[com.google.firebase:firebase-auth:23.2.0] AndroidManifest.xml:31:13-46
221            android:exported="true"
221-->[com.google.firebase:firebase-auth:23.2.0] AndroidManifest.xml:32:13-36
222            android:launchMode="singleTask"
222-->[com.google.firebase:firebase-auth:23.2.0] AndroidManifest.xml:33:13-44
223            android:theme="@android:style/Theme.Translucent.NoTitleBar" >
223-->[com.google.firebase:firebase-auth:23.2.0] AndroidManifest.xml:34:13-72
224            <intent-filter>
224-->[com.google.firebase:firebase-auth:23.2.0] AndroidManifest.xml:35:13-45:29
225                <action android:name="android.intent.action.VIEW" />
225-->[com.google.firebase:firebase-auth:23.2.0] AndroidManifest.xml:36:17-69
225-->[com.google.firebase:firebase-auth:23.2.0] AndroidManifest.xml:36:25-66
226
227                <category android:name="android.intent.category.DEFAULT" />
227-->[com.google.firebase:firebase-auth:23.2.0] AndroidManifest.xml:38:17-76
227-->[com.google.firebase:firebase-auth:23.2.0] AndroidManifest.xml:38:27-73
228                <category android:name="android.intent.category.BROWSABLE" />
228-->[com.google.firebase:firebase-auth:23.2.0] AndroidManifest.xml:39:17-78
228-->[com.google.firebase:firebase-auth:23.2.0] AndroidManifest.xml:39:27-75
229
230                <data
230-->[com.google.firebase:firebase-auth:23.2.0] AndroidManifest.xml:41:17-44:51
231                    android:host="firebase.auth"
231-->[com.google.firebase:firebase-auth:23.2.0] AndroidManifest.xml:42:21-49
232                    android:path="/"
232-->[com.google.firebase:firebase-auth:23.2.0] AndroidManifest.xml:43:21-37
233                    android:scheme="genericidp" />
233-->[com.google.firebase:firebase-auth:23.2.0] AndroidManifest.xml:44:21-48
234            </intent-filter>
235        </activity>
236        <activity
236-->[com.google.firebase:firebase-auth:23.2.0] AndroidManifest.xml:47:9-64:20
237            android:name="com.google.firebase.auth.internal.RecaptchaActivity"
237-->[com.google.firebase:firebase-auth:23.2.0] AndroidManifest.xml:48:13-79
238            android:excludeFromRecents="true"
238-->[com.google.firebase:firebase-auth:23.2.0] AndroidManifest.xml:49:13-46
239            android:exported="true"
239-->[com.google.firebase:firebase-auth:23.2.0] AndroidManifest.xml:50:13-36
240            android:launchMode="singleTask"
240-->[com.google.firebase:firebase-auth:23.2.0] AndroidManifest.xml:51:13-44
241            android:theme="@android:style/Theme.Translucent.NoTitleBar" >
241-->[com.google.firebase:firebase-auth:23.2.0] AndroidManifest.xml:52:13-72
242            <intent-filter>
242-->[com.google.firebase:firebase-auth:23.2.0] AndroidManifest.xml:53:13-63:29
243                <action android:name="android.intent.action.VIEW" />
243-->[com.google.firebase:firebase-auth:23.2.0] AndroidManifest.xml:36:17-69
243-->[com.google.firebase:firebase-auth:23.2.0] AndroidManifest.xml:36:25-66
244
245                <category android:name="android.intent.category.DEFAULT" />
245-->[com.google.firebase:firebase-auth:23.2.0] AndroidManifest.xml:38:17-76
245-->[com.google.firebase:firebase-auth:23.2.0] AndroidManifest.xml:38:27-73
246                <category android:name="android.intent.category.BROWSABLE" />
246-->[com.google.firebase:firebase-auth:23.2.0] AndroidManifest.xml:39:17-78
246-->[com.google.firebase:firebase-auth:23.2.0] AndroidManifest.xml:39:27-75
247
248                <data
248-->[com.google.firebase:firebase-auth:23.2.0] AndroidManifest.xml:41:17-44:51
249                    android:host="firebase.auth"
249-->[com.google.firebase:firebase-auth:23.2.0] AndroidManifest.xml:42:21-49
250                    android:path="/"
250-->[com.google.firebase:firebase-auth:23.2.0] AndroidManifest.xml:43:21-37
251                    android:scheme="recaptcha" />
251-->[com.google.firebase:firebase-auth:23.2.0] AndroidManifest.xml:44:21-48
252            </intent-filter>
253        </activity>
254
255        <receiver
255-->[com.google.firebase:firebase-messaging:24.1.1] AndroidManifest.xml:29:9-40:20
256            android:name="com.google.firebase.iid.FirebaseInstanceIdReceiver"
256-->[com.google.firebase:firebase-messaging:24.1.1] AndroidManifest.xml:30:13-78
257            android:exported="true"
257-->[com.google.firebase:firebase-messaging:24.1.1] AndroidManifest.xml:31:13-36